<?xml version="1.0" encoding="UTF-8"?>
<!-- Generated by org.testng.reporters.JUnitReportReporter -->
<testsuite skipped="0" hostname="SIDCLUC29" name="scripts.CloudValidLogin" tests="1" failures="0" timestamp="02 Aug 2018 18:41:07 GMT" time="22.611" errors="0">
  <testcase name="testValidLogin" time="22.611" classname="scripts.CloudValidLogin"/>
</testsuite> <!-- scripts.CloudValidLogin -->
