<?xml version="1.0" encoding="UTF-8"?>
<!-- Generated by org.testng.reporters.JUnitReportReporter -->
<testsuite skipped="0" hostname="SIDCLUC29" name="scripts.testHome" tests="1" failures="0" timestamp="07 Aug 2018 06:43:13 GMT" time="23.506" errors="0">
  <testcase name="testDevices" time="23.506" classname="scripts.testHome"/>
</testsuite> <!-- scripts.testHome -->
