<?xml version="1.0" encoding="UTF-8"?>
<!-- Generated by org.testng.reporters.JUnitReportReporter -->
<testsuite skipped="0" hostname="SIDCLUC29" name="scripts.Devices" tests="1" failures="0" timestamp="03 Aug 2018 11:29:29 GMT" time="13.527" errors="0">
  <testcase name="testDevices" time="13.527" classname="scripts.Devices"/>
</testsuite> <!-- scripts.Devices -->
