<?xml version="1.0" encoding="UTF-8"?>
<!-- Generated by org.testng.reporters.JUnitReportReporter -->
<testsuite skipped="0" hostname="SIDCLUC29" name="scripts.testCloudValidLogin" tests="1" failures="0" timestamp="07 Aug 2018 06:43:13 GMT" time="14.979" errors="0">
  <testcase name="testValidLogin" time="14.979" classname="scripts.testCloudValidLogin"/>
</testsuite> <!-- scripts.testCloudValidLogin -->
